<?xml version="1.0" encoding="utf-8"?><testsuites name="pytest tests"><testsuite name="pytest" errors="0" failures="1" skipped="0" tests="11" time="48.449" timestamp="2026-09-06T04:29:06.001909+00:00" hostname="agent-env-090720b2-cbf5-440f-bd26-31442a39917c"><testcase classname="tests.test_api" name="test_environments_list" time="2.249" /><testcase classname="tests.test_api" name="test_scan_unauthorized" time="0.071" /><testcase classname="tests.test_api" name="test_scan_unknown_env" time="0.068" /><testcase classname="tests.test_api" name="test_bad_results_404" time="0.076" /><testcase classname="tests.test_api" name="test_sse_stream_acme" time="7.656" /><testcase classname="tests.test_api" name="test_results_acme" time="0.251" /><testcase classname="tests.test_api" name="test_results_fincorp" time="7.822" /><testcase classname="tests.test_api" name="test_results_healthops" time="7.885" /><testcase classname="tests.test_api" name="test_determinism_acme" time="8.016" /><testcase classname="tests.test_api" name="test_ai_analysis" time="10.577" /><testcase classname="tests.test_api" name="test_incident_demo" time="0.080"><failure message="AssertionError: assert 'detect' in {'id': 'INC-DEMO-001', 'title': 'Suspicious admin login', 'environment_id': 'acme-retail', 'synthetic': True, ...}">tests/test_api.py:166: in test_incident_demo
    assert k in data
E   AssertionError: assert 'detect' in {'id': 'INC-DEMO-001', 'title': 'Suspicious admin login', 'environment_id': 'acme-retail', 'synthetic': True, ...}</failure></testcase></testsuite></testsuites>